<!DOCTYPE html>
<html>
<head>
<meta http-equiv="Content-Type" content="text/html; charset=utf-8"/>
<meta http-equiv="x-ua-compatible" content="IE=edge"/>
<title>Test results - Class org.ehcache.management.registry.DefaultSharedManagementServiceTest</title>
<link href="../css/base-style.css" rel="stylesheet" type="text/css"/>
<link href="../css/style.css" rel="stylesheet" type="text/css"/>
<script src="../js/report.js" type="text/javascript"></script>
</head>
<body>
<div id="content">
<h1>Class org.ehcache.management.registry.DefaultSharedManagementServiceTest</h1>
<div class="breadcrumbs">
<a href="../index.html">all</a> &gt; 
<a href="../packages/org.ehcache.management.registry.html">org.ehcache.management.registry</a> &gt; DefaultSharedManagementServiceTest</div>
<div id="summary">
<table>
<tr>
<td>
<div class="summaryGroup">
<table>
<tr>
<td>
<div class="infoBox" id="tests">
<div class="counter">4</div>
<p>tests</p>
</div>
</td>
<td>
<div class="infoBox" id="failures">
<div class="counter">2</div>
<p>failures</p>
</div>
</td>
<td>
<div class="infoBox" id="ignored">
<div class="counter">0</div>
<p>ignored</p>
</div>
</td>
<td>
<div class="infoBox" id="duration">
<div class="counter">1.855s</div>
<p>duration</p>
</div>
</td>
</tr>
</table>
</div>
</td>
<td>
<div class="infoBox failures" id="successRate">
<div class="percent">50%</div>
<p>successful</p>
</div>
</td>
</tr>
</table>
</div>
<div id="tabs">
<ul class="tabLinks">
<li>
<a href="#tab0">Failed tests</a>
</li>
<li>
<a href="#tab1">Tests</a>
</li>
<li>
<a href="#tab2">Standard error</a>
</li>
</ul>
<div id="tab0" class="tab">
<h2>Failed tests</h2>
<div class="test">
<a name="testCall"></a>
<h3 class="failures">testCall</h3>
<span class="code">
<pre>java.lang.AssertionError: 
Expected: is &lt;true&gt;
     but: was &lt;false&gt;
	at org.hamcrest.MatcherAssert.assertThat(MatcherAssert.java:20)
	at org.hamcrest.MatcherAssert.assertThat(MatcherAssert.java:8)
	at org.ehcache.management.registry.DefaultSharedManagementServiceTest.testCall(DefaultSharedManagementServiceTest.java:247)
	at sun.reflect.NativeMethodAccessorImpl.invoke0(Native Method)
	at sun.reflect.NativeMethodAccessorImpl.invoke(NativeMethodAccessorImpl.java:62)
	at sun.reflect.DelegatingMethodAccessorImpl.invoke(DelegatingMethodAccessorImpl.java:43)
	at java.lang.reflect.Method.invoke(Method.java:498)
	at org.junit.runners.model.FrameworkMethod$1.runReflectiveCall(FrameworkMethod.java:59)
	at org.junit.internal.runners.model.ReflectiveCallable.run(ReflectiveCallable.java:12)
	at org.junit.runners.model.FrameworkMethod.invokeExplosively(FrameworkMethod.java:56)
	at org.junit.internal.runners.statements.InvokeMethod.evaluate(InvokeMethod.java:17)
	at org.junit.internal.runners.statements.RunBefores.evaluate(RunBefores.java:26)
	at org.junit.internal.runners.statements.RunAfters.evaluate(RunAfters.java:27)
	at org.junit.internal.runners.statements.FailOnTimeout$CallableStatement.call(FailOnTimeout.java:288)
	at org.junit.internal.runners.statements.FailOnTimeout$CallableStatement.call(FailOnTimeout.java:282)
	at java.util.concurrent.FutureTask.run(FutureTask.java:266)
	at java.lang.Thread.run(Thread.java:748)
</pre>
</span>
</div>
<div class="test">
<a name="testStats"></a>
<h3 class="failures">testStats</h3>
<span class="code">
<pre>java.util.NoSuchElementException: No value present
	at java.util.Optional.get(Optional.java:135)
	at org.ehcache.management.registry.DefaultSharedManagementServiceTest.getResultSet(DefaultSharedManagementServiceTest.java:200)
	at org.ehcache.management.registry.DefaultSharedManagementServiceTest.testStats(DefaultSharedManagementServiceTest.java:178)
	at sun.reflect.NativeMethodAccessorImpl.invoke0(Native Method)
	at sun.reflect.NativeMethodAccessorImpl.invoke(NativeMethodAccessorImpl.java:62)
	at sun.reflect.DelegatingMethodAccessorImpl.invoke(DelegatingMethodAccessorImpl.java:43)
	at java.lang.reflect.Method.invoke(Method.java:498)
	at org.junit.runners.model.FrameworkMethod$1.runReflectiveCall(FrameworkMethod.java:59)
	at org.junit.internal.runners.model.ReflectiveCallable.run(ReflectiveCallable.java:12)
	at org.junit.runners.model.FrameworkMethod.invokeExplosively(FrameworkMethod.java:56)
	at org.junit.internal.runners.statements.InvokeMethod.evaluate(InvokeMethod.java:17)
	at org.junit.internal.runners.statements.RunBefores.evaluate(RunBefores.java:26)
	at org.junit.internal.runners.statements.RunAfters.evaluate(RunAfters.java:27)
	at org.junit.internal.runners.statements.FailOnTimeout$CallableStatement.call(FailOnTimeout.java:288)
	at org.junit.internal.runners.statements.FailOnTimeout$CallableStatement.call(FailOnTimeout.java:282)
	at java.util.concurrent.FutureTask.run(FutureTask.java:266)
	at java.lang.Thread.run(Thread.java:748)
</pre>
</span>
</div>
</div>
<div id="tab1" class="tab">
<h2>Tests</h2>
<table>
<thead>
<tr>
<th>Test</th>
<th>Duration</th>
<th>Result</th>
</tr>
</thead>
<tr>
<td class="failures">testCall</td>
<td class="failures">0.279s</td>
<td class="failures">failed</td>
</tr>
<tr>
<td class="success">testSharedCapabilities</td>
<td class="success">0.713s</td>
<td class="success">passed</td>
</tr>
<tr>
<td class="success">testSharedContexts</td>
<td class="success">0.493s</td>
<td class="success">passed</td>
</tr>
<tr>
<td class="failures">testStats</td>
<td class="failures">0.370s</td>
<td class="failures">failed</td>
</tr>
</table>
</div>
<div id="tab2" class="tab">
<h2>Standard error</h2>
<span class="code">
<pre>[Time-limited test] INFO org.ehcache.core.EhcacheManager - Cache 'aCache1' created in EhcacheManager.
[Time-limited test] INFO org.ehcache.core.EhcacheManager - Cache 'aCache3' created in EhcacheManager.
[Time-limited test] INFO org.ehcache.core.EhcacheManager - Cache 'aCache2' created in EhcacheManager.
[Time-limited test] INFO org.ehcache.core.EhcacheManager - Cache 'aCache1' removed from EhcacheManager.
[Time-limited test] INFO org.ehcache.core.EhcacheManager - Cache 'aCache1' created in EhcacheManager.
[Time-limited test] INFO org.ehcache.core.EhcacheManager - Cache 'aCache3' removed from EhcacheManager.
[Time-limited test] INFO org.ehcache.core.EhcacheManager - Cache 'aCache2' removed from EhcacheManager.
[Time-limited test] INFO org.ehcache.core.EhcacheManager - Cache 'aCache3' created in EhcacheManager.
[Time-limited test] INFO org.ehcache.core.EhcacheManager - Cache 'aCache2' created in EhcacheManager.
[Time-limited test] INFO org.ehcache.core.EhcacheManager - Cache 'aCache3' removed from EhcacheManager.
[Time-limited test] INFO org.ehcache.core.EhcacheManager - Cache 'aCache2' removed from EhcacheManager.
[Time-limited test] INFO org.ehcache.core.EhcacheManager - Cache 'aCache1' removed from EhcacheManager.
[Time-limited test] INFO org.ehcache.core.EhcacheManager - Cache 'aCache1' created in EhcacheManager.
[Time-limited test] INFO org.ehcache.core.EhcacheManager - Cache 'aCache3' created in EhcacheManager.
[Time-limited test] INFO org.ehcache.core.EhcacheManager - Cache 'aCache2' created in EhcacheManager.
[Time-limited test] INFO org.ehcache.core.EhcacheManager - Cache 'aCache1' removed from EhcacheManager.
[Time-limited test] INFO org.ehcache.core.EhcacheManager - Cache 'aCache1' created in EhcacheManager.
[Time-limited test] INFO org.ehcache.core.EhcacheManager - Cache 'aCache3' removed from EhcacheManager.
[Time-limited test] INFO org.ehcache.core.EhcacheManager - Cache 'aCache2' removed from EhcacheManager.
[Time-limited test] INFO org.ehcache.core.EhcacheManager - Cache 'aCache3' created in EhcacheManager.
[Time-limited test] INFO org.ehcache.core.EhcacheManager - Cache 'aCache2' created in EhcacheManager.
[Time-limited test] INFO org.ehcache.core.EhcacheManager - Cache 'aCache4' created in EhcacheManager.
[Time-limited test] INFO org.ehcache.core.EhcacheManager - Cache 'aCache3' removed from EhcacheManager.
[Time-limited test] INFO org.ehcache.core.EhcacheManager - Cache 'aCache2' removed from EhcacheManager.
[Time-limited test] INFO org.ehcache.core.EhcacheManager - Cache 'aCache4' removed from EhcacheManager.
[Time-limited test] INFO org.ehcache.core.EhcacheManager - Cache 'aCache1' removed from EhcacheManager.
[Time-limited test] INFO org.ehcache.core.EhcacheManager - Cache 'aCache1' created in EhcacheManager.
[Time-limited test] INFO org.ehcache.core.EhcacheManager - Cache 'aCache3' created in EhcacheManager.
[Time-limited test] INFO org.ehcache.core.EhcacheManager - Cache 'aCache2' created in EhcacheManager.
[Time-limited test] INFO org.ehcache.core.EhcacheManager - Cache 'aCache1' removed from EhcacheManager.
[Time-limited test] INFO org.ehcache.core.EhcacheManager - Cache 'aCache1' created in EhcacheManager.
[Time-limited test] INFO org.ehcache.core.EhcacheManager - Cache 'aCache3' removed from EhcacheManager.
[Time-limited test] INFO org.ehcache.core.EhcacheManager - Cache 'aCache2' removed from EhcacheManager.
[Time-limited test] INFO org.ehcache.core.EhcacheManager - Cache 'aCache3' created in EhcacheManager.
[Time-limited test] INFO org.ehcache.core.EhcacheManager - Cache 'aCache2' created in EhcacheManager.
[Time-limited test] INFO org.ehcache.core.EhcacheManager - Cache 'aCache3' removed from EhcacheManager.
[Time-limited test] INFO org.ehcache.core.EhcacheManager - Cache 'aCache2' removed from EhcacheManager.
[Time-limited test] INFO org.ehcache.core.EhcacheManager - Cache 'aCache1' removed from EhcacheManager.
[Time-limited test] INFO org.ehcache.core.EhcacheManager - Cache 'aCache1' created in EhcacheManager.
[Time-limited test] INFO org.ehcache.core.EhcacheManager - Cache 'aCache3' created in EhcacheManager.
[Time-limited test] INFO org.ehcache.core.EhcacheManager - Cache 'aCache2' created in EhcacheManager.
[Time-limited test] INFO org.ehcache.core.EhcacheManager - Cache 'aCache1' removed from EhcacheManager.
[Time-limited test] INFO org.ehcache.core.EhcacheManager - Cache 'aCache1' created in EhcacheManager.
[Time-limited test] INFO org.ehcache.core.EhcacheManager - Cache 'aCache3' removed from EhcacheManager.
[Time-limited test] INFO org.ehcache.core.EhcacheManager - Cache 'aCache2' removed from EhcacheManager.
[Time-limited test] INFO org.ehcache.core.EhcacheManager - Cache 'aCache3' created in EhcacheManager.
[Time-limited test] INFO org.ehcache.core.EhcacheManager - Cache 'aCache2' created in EhcacheManager.
[Time-limited test] INFO org.ehcache.core.EhcacheManager - Cache 'aCache3' removed from EhcacheManager.
[Time-limited test] INFO org.ehcache.core.EhcacheManager - Cache 'aCache2' removed from EhcacheManager.
[Time-limited test] INFO org.ehcache.core.EhcacheManager - Cache 'aCache1' removed from EhcacheManager.
</pre>
</span>
</div>
</div>
<div id="footer">
<p>
<div>
<label class="hidden" id="label-for-line-wrapping-toggle" for="line-wrapping-toggle">Wrap lines
<input id="line-wrapping-toggle" type="checkbox" autocomplete="off"/>
</label>
</div>Generated by 
<a href="http://www.gradle.org">Gradle 6.0.1</a> at 26 Nov, 2021 3:12:13 PM</p>
</div>
</div>
</body>
</html>
