<!DOCTYPE html>
<html>
<head>
<meta http-equiv="Content-Type" content="text/html; charset=utf-8"/>
<meta http-equiv="x-ua-compatible" content="IE=edge"/>
<title>Test results - Class org.ehcache.management.providers.statistics.StandardEhCacheStatisticsQueryTest</title>
<link href="../css/base-style.css" rel="stylesheet" type="text/css"/>
<link href="../css/style.css" rel="stylesheet" type="text/css"/>
<script src="../js/report.js" type="text/javascript"></script>
</head>
<body>
<div id="content">
<h1>Class org.ehcache.management.providers.statistics.StandardEhCacheStatisticsQueryTest</h1>
<div class="breadcrumbs">
<a href="../index.html">all</a> &gt; 
<a href="../packages/org.ehcache.management.providers.statistics.html">org.ehcache.management.providers.statistics</a> &gt; StandardEhCacheStatisticsQueryTest</div>
<div id="summary">
<table>
<tr>
<td>
<div class="summaryGroup">
<table>
<tr>
<td>
<div class="infoBox" id="tests">
<div class="counter">7</div>
<p>tests</p>
</div>
</td>
<td>
<div class="infoBox" id="failures">
<div class="counter">7</div>
<p>failures</p>
</div>
</td>
<td>
<div class="infoBox" id="ignored">
<div class="counter">0</div>
<p>ignored</p>
</div>
</td>
<td>
<div class="infoBox" id="duration">
<div class="counter">7.714s</div>
<p>duration</p>
</div>
</td>
</tr>
</table>
</div>
</td>
<td>
<div class="infoBox failures" id="successRate">
<div class="percent">0%</div>
<p>successful</p>
</div>
</td>
</tr>
</table>
</div>
<div id="tabs">
<ul class="tabLinks">
<li>
<a href="#tab0">Failed tests</a>
</li>
<li>
<a href="#tab1">Tests</a>
</li>
<li>
<a href="#tab2">Standard error</a>
</li>
</ul>
<div id="tab0" class="tab">
<h2>Failed tests</h2>
<div class="test">
<a name="test[0]"></a>
<h3 class="failures">test[0]</h3>
<span class="code">
<pre>java.util.NoSuchElementException: No value present
	at java.util.Optional.get(Optional.java:135)
	at org.ehcache.management.providers.statistics.StandardEhCacheStatisticsQueryTest.getAndAssertExpectedValueFromCounter(StandardEhCacheStatisticsQueryTest.java:157)
	at org.ehcache.management.providers.statistics.StandardEhCacheStatisticsQueryTest.test(StandardEhCacheStatisticsQueryTest.java:130)
	at sun.reflect.NativeMethodAccessorImpl.invoke0(Native Method)
	at sun.reflect.NativeMethodAccessorImpl.invoke(NativeMethodAccessorImpl.java:62)
	at sun.reflect.DelegatingMethodAccessorImpl.invoke(DelegatingMethodAccessorImpl.java:43)
	at java.lang.reflect.Method.invoke(Method.java:498)
	at org.junit.runners.model.FrameworkMethod$1.runReflectiveCall(FrameworkMethod.java:59)
	at org.junit.internal.runners.model.ReflectiveCallable.run(ReflectiveCallable.java:12)
	at org.junit.runners.model.FrameworkMethod.invokeExplosively(FrameworkMethod.java:56)
	at org.junit.internal.runners.statements.InvokeMethod.evaluate(InvokeMethod.java:17)
	at org.junit.rules.ExternalResource$1.evaluate(ExternalResource.java:54)
	at org.junit.internal.runners.statements.FailOnTimeout$CallableStatement.call(FailOnTimeout.java:288)
	at org.junit.internal.runners.statements.FailOnTimeout$CallableStatement.call(FailOnTimeout.java:282)
	at java.util.concurrent.FutureTask.run(FutureTask.java:266)
	at java.lang.Thread.run(Thread.java:748)
</pre>
</span>
</div>
<div class="test">
<a name="test[1]"></a>
<h3 class="failures">test[1]</h3>
<span class="code">
<pre>java.util.NoSuchElementException: No value present
	at java.util.Optional.get(Optional.java:135)
	at org.ehcache.management.providers.statistics.StandardEhCacheStatisticsQueryTest.getAndAssertExpectedValueFromCounter(StandardEhCacheStatisticsQueryTest.java:157)
	at org.ehcache.management.providers.statistics.StandardEhCacheStatisticsQueryTest.test(StandardEhCacheStatisticsQueryTest.java:130)
	at sun.reflect.NativeMethodAccessorImpl.invoke0(Native Method)
	at sun.reflect.NativeMethodAccessorImpl.invoke(NativeMethodAccessorImpl.java:62)
	at sun.reflect.DelegatingMethodAccessorImpl.invoke(DelegatingMethodAccessorImpl.java:43)
	at java.lang.reflect.Method.invoke(Method.java:498)
	at org.junit.runners.model.FrameworkMethod$1.runReflectiveCall(FrameworkMethod.java:59)
	at org.junit.internal.runners.model.ReflectiveCallable.run(ReflectiveCallable.java:12)
	at org.junit.runners.model.FrameworkMethod.invokeExplosively(FrameworkMethod.java:56)
	at org.junit.internal.runners.statements.InvokeMethod.evaluate(InvokeMethod.java:17)
	at org.junit.rules.ExternalResource$1.evaluate(ExternalResource.java:54)
	at org.junit.internal.runners.statements.FailOnTimeout$CallableStatement.call(FailOnTimeout.java:288)
	at org.junit.internal.runners.statements.FailOnTimeout$CallableStatement.call(FailOnTimeout.java:282)
	at java.util.concurrent.FutureTask.run(FutureTask.java:266)
	at java.lang.Thread.run(Thread.java:748)
</pre>
</span>
</div>
<div class="test">
<a name="test[2]"></a>
<h3 class="failures">test[2]</h3>
<span class="code">
<pre>java.util.NoSuchElementException: No value present
	at java.util.Optional.get(Optional.java:135)
	at org.ehcache.management.providers.statistics.StandardEhCacheStatisticsQueryTest.getAndAssertExpectedValueFromCounter(StandardEhCacheStatisticsQueryTest.java:157)
	at org.ehcache.management.providers.statistics.StandardEhCacheStatisticsQueryTest.test(StandardEhCacheStatisticsQueryTest.java:130)
	at sun.reflect.NativeMethodAccessorImpl.invoke0(Native Method)
	at sun.reflect.NativeMethodAccessorImpl.invoke(NativeMethodAccessorImpl.java:62)
	at sun.reflect.DelegatingMethodAccessorImpl.invoke(DelegatingMethodAccessorImpl.java:43)
	at java.lang.reflect.Method.invoke(Method.java:498)
	at org.junit.runners.model.FrameworkMethod$1.runReflectiveCall(FrameworkMethod.java:59)
	at org.junit.internal.runners.model.ReflectiveCallable.run(ReflectiveCallable.java:12)
	at org.junit.runners.model.FrameworkMethod.invokeExplosively(FrameworkMethod.java:56)
	at org.junit.internal.runners.statements.InvokeMethod.evaluate(InvokeMethod.java:17)
	at org.junit.rules.ExternalResource$1.evaluate(ExternalResource.java:54)
	at org.junit.internal.runners.statements.FailOnTimeout$CallableStatement.call(FailOnTimeout.java:288)
	at org.junit.internal.runners.statements.FailOnTimeout$CallableStatement.call(FailOnTimeout.java:282)
	at java.util.concurrent.FutureTask.run(FutureTask.java:266)
	at java.lang.Thread.run(Thread.java:748)
</pre>
</span>
</div>
<div class="test">
<a name="test[3]"></a>
<h3 class="failures">test[3]</h3>
<span class="code">
<pre>java.util.NoSuchElementException: No value present
	at java.util.Optional.get(Optional.java:135)
	at org.ehcache.management.providers.statistics.StandardEhCacheStatisticsQueryTest.getAndAssertExpectedValueFromCounter(StandardEhCacheStatisticsQueryTest.java:157)
	at org.ehcache.management.providers.statistics.StandardEhCacheStatisticsQueryTest.test(StandardEhCacheStatisticsQueryTest.java:130)
	at sun.reflect.NativeMethodAccessorImpl.invoke0(Native Method)
	at sun.reflect.NativeMethodAccessorImpl.invoke(NativeMethodAccessorImpl.java:62)
	at sun.reflect.DelegatingMethodAccessorImpl.invoke(DelegatingMethodAccessorImpl.java:43)
	at java.lang.reflect.Method.invoke(Method.java:498)
	at org.junit.runners.model.FrameworkMethod$1.runReflectiveCall(FrameworkMethod.java:59)
	at org.junit.internal.runners.model.ReflectiveCallable.run(ReflectiveCallable.java:12)
	at org.junit.runners.model.FrameworkMethod.invokeExplosively(FrameworkMethod.java:56)
	at org.junit.internal.runners.statements.InvokeMethod.evaluate(InvokeMethod.java:17)
	at org.junit.rules.ExternalResource$1.evaluate(ExternalResource.java:54)
	at org.junit.internal.runners.statements.FailOnTimeout$CallableStatement.call(FailOnTimeout.java:288)
	at org.junit.internal.runners.statements.FailOnTimeout$CallableStatement.call(FailOnTimeout.java:282)
	at java.util.concurrent.FutureTask.run(FutureTask.java:266)
	at java.lang.Thread.run(Thread.java:748)
</pre>
</span>
</div>
<div class="test">
<a name="test[4]"></a>
<h3 class="failures">test[4]</h3>
<span class="code">
<pre>java.util.NoSuchElementException: No value present
	at java.util.Optional.get(Optional.java:135)
	at org.ehcache.management.providers.statistics.StandardEhCacheStatisticsQueryTest.getAndAssertExpectedValueFromCounter(StandardEhCacheStatisticsQueryTest.java:157)
	at org.ehcache.management.providers.statistics.StandardEhCacheStatisticsQueryTest.test(StandardEhCacheStatisticsQueryTest.java:130)
	at sun.reflect.NativeMethodAccessorImpl.invoke0(Native Method)
	at sun.reflect.NativeMethodAccessorImpl.invoke(NativeMethodAccessorImpl.java:62)
	at sun.reflect.DelegatingMethodAccessorImpl.invoke(DelegatingMethodAccessorImpl.java:43)
	at java.lang.reflect.Method.invoke(Method.java:498)
	at org.junit.runners.model.FrameworkMethod$1.runReflectiveCall(FrameworkMethod.java:59)
	at org.junit.internal.runners.model.ReflectiveCallable.run(ReflectiveCallable.java:12)
	at org.junit.runners.model.FrameworkMethod.invokeExplosively(FrameworkMethod.java:56)
	at org.junit.internal.runners.statements.InvokeMethod.evaluate(InvokeMethod.java:17)
	at org.junit.rules.ExternalResource$1.evaluate(ExternalResource.java:54)
	at org.junit.internal.runners.statements.FailOnTimeout$CallableStatement.call(FailOnTimeout.java:288)
	at org.junit.internal.runners.statements.FailOnTimeout$CallableStatement.call(FailOnTimeout.java:282)
	at java.util.concurrent.FutureTask.run(FutureTask.java:266)
	at java.lang.Thread.run(Thread.java:748)
</pre>
</span>
</div>
<div class="test">
<a name="test[5]"></a>
<h3 class="failures">test[5]</h3>
<span class="code">
<pre>java.util.NoSuchElementException: No value present
	at java.util.Optional.get(Optional.java:135)
	at org.ehcache.management.providers.statistics.StandardEhCacheStatisticsQueryTest.getAndAssertExpectedValueFromCounter(StandardEhCacheStatisticsQueryTest.java:157)
	at org.ehcache.management.providers.statistics.StandardEhCacheStatisticsQueryTest.test(StandardEhCacheStatisticsQueryTest.java:130)
	at sun.reflect.NativeMethodAccessorImpl.invoke0(Native Method)
	at sun.reflect.NativeMethodAccessorImpl.invoke(NativeMethodAccessorImpl.java:62)
	at sun.reflect.DelegatingMethodAccessorImpl.invoke(DelegatingMethodAccessorImpl.java:43)
	at java.lang.reflect.Method.invoke(Method.java:498)
	at org.junit.runners.model.FrameworkMethod$1.runReflectiveCall(FrameworkMethod.java:59)
	at org.junit.internal.runners.model.ReflectiveCallable.run(ReflectiveCallable.java:12)
	at org.junit.runners.model.FrameworkMethod.invokeExplosively(FrameworkMethod.java:56)
	at org.junit.internal.runners.statements.InvokeMethod.evaluate(InvokeMethod.java:17)
	at org.junit.rules.ExternalResource$1.evaluate(ExternalResource.java:54)
	at org.junit.internal.runners.statements.FailOnTimeout$CallableStatement.call(FailOnTimeout.java:288)
	at org.junit.internal.runners.statements.FailOnTimeout$CallableStatement.call(FailOnTimeout.java:282)
	at java.util.concurrent.FutureTask.run(FutureTask.java:266)
	at java.lang.Thread.run(Thread.java:748)
</pre>
</span>
</div>
<div class="test">
<a name="test[6]"></a>
<h3 class="failures">test[6]</h3>
<span class="code">
<pre>java.util.NoSuchElementException: No value present
	at java.util.Optional.get(Optional.java:135)
	at org.ehcache.management.providers.statistics.StandardEhCacheStatisticsQueryTest.getAndAssertExpectedValueFromCounter(StandardEhCacheStatisticsQueryTest.java:157)
	at org.ehcache.management.providers.statistics.StandardEhCacheStatisticsQueryTest.test(StandardEhCacheStatisticsQueryTest.java:130)
	at sun.reflect.NativeMethodAccessorImpl.invoke0(Native Method)
	at sun.reflect.NativeMethodAccessorImpl.invoke(NativeMethodAccessorImpl.java:62)
	at sun.reflect.DelegatingMethodAccessorImpl.invoke(DelegatingMethodAccessorImpl.java:43)
	at java.lang.reflect.Method.invoke(Method.java:498)
	at org.junit.runners.model.FrameworkMethod$1.runReflectiveCall(FrameworkMethod.java:59)
	at org.junit.internal.runners.model.ReflectiveCallable.run(ReflectiveCallable.java:12)
	at org.junit.runners.model.FrameworkMethod.invokeExplosively(FrameworkMethod.java:56)
	at org.junit.internal.runners.statements.InvokeMethod.evaluate(InvokeMethod.java:17)
	at org.junit.rules.ExternalResource$1.evaluate(ExternalResource.java:54)
	at org.junit.internal.runners.statements.FailOnTimeout$CallableStatement.call(FailOnTimeout.java:288)
	at org.junit.internal.runners.statements.FailOnTimeout$CallableStatement.call(FailOnTimeout.java:282)
	at java.util.concurrent.FutureTask.run(FutureTask.java:266)
	at java.lang.Thread.run(Thread.java:748)
</pre>
</span>
</div>
</div>
<div id="tab1" class="tab">
<h2>Tests</h2>
<table>
<thead>
<tr>
<th>Test</th>
<th>Duration</th>
<th>Result</th>
</tr>
</thead>
<tr>
<td class="failures">test[0]</td>
<td class="failures">5.190s</td>
<td class="failures">failed</td>
</tr>
<tr>
<td class="failures">test[1]</td>
<td class="failures">0.470s</td>
<td class="failures">failed</td>
</tr>
<tr>
<td class="failures">test[2]</td>
<td class="failures">0.455s</td>
<td class="failures">failed</td>
</tr>
<tr>
<td class="failures">test[3]</td>
<td class="failures">0.288s</td>
<td class="failures">failed</td>
</tr>
<tr>
<td class="failures">test[4]</td>
<td class="failures">0.506s</td>
<td class="failures">failed</td>
</tr>
<tr>
<td class="failures">test[5]</td>
<td class="failures">0.338s</td>
<td class="failures">failed</td>
</tr>
<tr>
<td class="failures">test[6]</td>
<td class="failures">0.467s</td>
<td class="failures">failed</td>
</tr>
</table>
</div>
<div id="tab2" class="tab">
<h2>Standard error</h2>
<span class="code">
<pre>[Time-limited test] INFO org.ehcache.sizeof.filters.AnnotationSizeOfFilter - Using regular expression provided through VM argument org.ehcache.sizeof.filters.AnnotationSizeOfFilter.pattern for IgnoreSizeOf annotation : ^.*cache\..*IgnoreSizeOf$
[Time-limited test] INFO org.ehcache.sizeof.impl.AgentLoader - Located valid 'tools.jar' at 'C:\Program Files\Zulu\zulu-8\jre\..\lib\tools.jar'
[Time-limited test] INFO org.ehcache.sizeof.impl.JvmInformation - Detected JVM data model settings of: 64-Bit OpenJDK JVM with Compressed OOPs
[Time-limited test] INFO org.ehcache.sizeof.impl.AgentLoader - Extracted agent jar to temporary file C:\Users\AKGU\AppData\Local\Temp\ehcache-sizeof-agent1150970864253037990.jar
[Time-limited test] INFO org.ehcache.sizeof.impl.AgentLoader - Trying to load agent @ C:\Users\AKGU\AppData\Local\Temp\ehcache-sizeof-agent1150970864253037990.jar
[Time-limited test] INFO org.ehcache.sizeof.impl.AgentLoader - Agent successfully loaded and available!
[Time-limited test] INFO org.ehcache.core.EhcacheManager - Cache 'myCache' created in EhcacheManager.
[Time-limited test] INFO org.ehcache.core.EhcacheManager - Cache 'myCache' removed from EhcacheManager.
[Time-limited test] INFO org.terracotta.offheapstore.paging.UpfrontAllocatingPageSource - Allocating 1MB in chunks
[Time-limited test] INFO org.ehcache.core.EhcacheManager - Cache 'myCache' created in EhcacheManager.
[Time-limited test] INFO org.ehcache.core.EhcacheManager - Cache 'myCache' removed from EhcacheManager.
[Time-limited test] INFO org.ehcache.core.EhcacheManager - Cache 'myCache' created in EhcacheManager.
[Time-limited test] INFO org.ehcache.core.EhcacheManager - Cache 'myCache' removed from EhcacheManager.
[Time-limited test] INFO org.terracotta.offheapstore.paging.UpfrontAllocatingPageSource - Allocating 2MB in chunks
[Time-limited test] INFO org.ehcache.core.EhcacheManager - Cache 'myCache' created in EhcacheManager.
[Time-limited test] INFO org.ehcache.core.EhcacheManager - Cache 'myCache' removed from EhcacheManager.
[Time-limited test] INFO org.ehcache.core.EhcacheManager - Cache 'myCache' created in EhcacheManager.
[Time-limited test] INFO org.ehcache.core.EhcacheManager - Cache 'myCache' removed from EhcacheManager.
[Time-limited test] INFO org.terracotta.offheapstore.paging.UpfrontAllocatingPageSource - Allocating 2MB in chunks
[Time-limited test] INFO org.ehcache.core.EhcacheManager - Cache 'myCache' created in EhcacheManager.
[Time-limited test] INFO org.ehcache.core.EhcacheManager - Cache 'myCache' removed from EhcacheManager.
[Time-limited test] INFO org.terracotta.offheapstore.paging.UpfrontAllocatingPageSource - Allocating 2MB in chunks
[Time-limited test] INFO org.ehcache.core.EhcacheManager - Cache 'myCache' created in EhcacheManager.
[Time-limited test] INFO org.ehcache.core.EhcacheManager - Cache 'myCache' removed from EhcacheManager.
</pre>
</span>
</div>
</div>
<div id="footer">
<p>
<div>
<label class="hidden" id="label-for-line-wrapping-toggle" for="line-wrapping-toggle">Wrap lines
<input id="line-wrapping-toggle" type="checkbox" autocomplete="off"/>
</label>
</div>Generated by 
<a href="http://www.gradle.org">Gradle 6.0.1</a> at 26 Nov, 2021 3:12:13 PM</p>
</div>
</div>
</body>
</html>
